<?xml version="1.0" encoding="UTF-8"?>
<testng-results ignored="0" total="2" passed="2" failed="0" skipped="0">
  <reporter-output>
  </reporter-output>
  <suite started-at="2021-02-09T13:29:29 IST" name="consumer_java_api_regression_test_suite1" finished-at="2021-02-09T13:29:29 IST" duration-ms="34">
    <groups>
    </groups>
    <test started-at="2021-02-09T13:29:29 IST" name="consumer_api_suite_Login" finished-at="2021-02-09T13:29:29 IST" duration-ms="34">
      <class name="com.mb.newTest.newTest">
        <test-method is-config="true" signature="bfClass()[pri:0, instance:com.mb.newTest.newTest@77fbd92c]" started-at="2021-02-09T13:29:29 IST" name="bfClass" finished-at="2021-02-09T13:29:29 IST" duration-ms="7" status="PASS">
          <reporter-output>
          </reporter-output>
        </test-method> <!-- bfClass -->
        <test-method is-config="true" signature="bfMethod()[pri:0, instance:com.mb.newTest.newTest@77fbd92c]" started-at="2021-02-09T13:29:29 IST" name="bfMethod" finished-at="2021-02-09T13:29:29 IST" duration-ms="0" status="PASS">
          <reporter-output>
          </reporter-output>
        </test-method> <!-- bfMethod -->
        <test-method signature="testCase1()[pri:1, instance:com.mb.newTest.newTest@77fbd92c]" started-at="2021-02-09T13:29:29 IST" name="testCase1" finished-at="2021-02-09T13:29:29 IST" duration-ms="1" status="PASS">
          <reporter-output>
          </reporter-output>
        </test-method> <!-- testCase1 -->
        <test-method is-config="true" signature="afMethod()[pri:0, instance:com.mb.newTest.newTest@77fbd92c]" started-at="2021-02-09T13:29:29 IST" name="afMethod" finished-at="2021-02-09T13:29:29 IST" duration-ms="0" status="PASS">
          <reporter-output>
          </reporter-output>
        </test-method> <!-- afMethod -->
        <test-method signature="testCase2()[pri:2, instance:com.mb.newTest.newTest@77fbd92c]" started-at="2021-02-09T13:29:29 IST" name="testCase2" finished-at="2021-02-09T13:29:29 IST" duration-ms="0" status="PASS">
          <reporter-output>
          </reporter-output>
        </test-method> <!-- testCase2 -->
        <test-method is-config="true" signature="bfMethod()[pri:0, instance:com.mb.newTest.newTest@77fbd92c]" started-at="2021-02-09T13:29:29 IST" name="bfMethod" finished-at="2021-02-09T13:29:29 IST" duration-ms="0" status="PASS">
          <reporter-output>
          </reporter-output>
        </test-method> <!-- bfMethod -->
        <test-method is-config="true" signature="afMethod()[pri:0, instance:com.mb.newTest.newTest@77fbd92c]" started-at="2021-02-09T13:29:29 IST" name="afMethod" finished-at="2021-02-09T13:29:29 IST" duration-ms="0" status="PASS">
          <reporter-output>
          </reporter-output>
        </test-method> <!-- afMethod -->
        <test-method is-config="true" signature="afClass()[pri:0, instance:com.mb.newTest.newTest@77fbd92c]" started-at="2021-02-09T13:29:29 IST" name="afClass" finished-at="2021-02-09T13:29:29 IST" duration-ms="0" status="PASS">
          <reporter-output>
          </reporter-output>
        </test-method> <!-- afClass -->
      </class> <!-- com.mb.newTest.newTest -->
    </test> <!-- consumer_api_suite_Login -->
  </suite> <!-- consumer_java_api_regression_test_suite1 -->
</testng-results>
